mode: set
github.com/Laura470/bookings/internal/render/render.go:23.40,25.2 1 1
github.com/Laura470/bookings/internal/render/render.go:28.84,34.2 5 1
github.com/Laura470/bookings/internal/render/render.go:37.105,42.18 2 1
github.com/Laura470/bookings/internal/render/render.go:49.2,50.9 2 1
github.com/Laura470/bookings/internal/render/render.go:55.2,62.16 5 1
github.com/Laura470/bookings/internal/render/render.go:66.2,66.12 1 1
github.com/Laura470/bookings/internal/render/render.go:42.18,45.3 1 0
github.com/Laura470/bookings/internal/render/render.go:45.8,47.3 1 1
github.com/Laura470/bookings/internal/render/render.go:50.9,53.3 1 1
github.com/Laura470/bookings/internal/render/render.go:62.16,65.3 2 0
github.com/Laura470/bookings/internal/render/render.go:70.67,81.16 3 1
github.com/Laura470/bookings/internal/render/render.go:86.2,86.29 1 1
github.com/Laura470/bookings/internal/render/render.go:110.2,110.21 1 1
github.com/Laura470/bookings/internal/render/render.go:81.16,83.3 1 0
github.com/Laura470/bookings/internal/render/render.go:86.29,91.17 3 1
github.com/Laura470/bookings/internal/render/render.go:95.3,96.17 2 1
github.com/Laura470/bookings/internal/render/render.go:100.3,100.23 1 1
github.com/Laura470/bookings/internal/render/render.go:107.3,107.21 1 1
github.com/Laura470/bookings/internal/render/render.go:91.17,93.4 1 0
github.com/Laura470/bookings/internal/render/render.go:96.17,98.4 1 0
github.com/Laura470/bookings/internal/render/render.go:100.23,102.18 2 1
github.com/Laura470/bookings/internal/render/render.go:102.18,104.5 1 0
